#
# There is insufficient memory for the Java Runtime Environment to continue.
# Native memory allocation (malloc) failed to allocate 1048576 bytes. Error detail: AllocateHeap
# Possible reasons:
#   The system is out of physical RAM or swap space
#   This process is running with CompressedOops enabled, and the Java Heap may be blocking the growth of the native heap
# Possible solutions:
#   Reduce memory load on the system
#   Increase physical memory or swap space
#   Check if swap backing store is full
#   Decrease Java heap size (-Xmx/-Xms)
#   Decrease number of Java threads
#   Decrease Java thread stack sizes (-Xss)
#   Set larger code cache with -XX:ReservedCodeCacheSize=
#   JVM is running with Unscaled Compressed Oops mode in which the Java heap is
#     placed in the first 4GB address space. The Java Heap base address is the
#     maximum limit for the native heap growth. Please use -XX:HeapBaseMinAddress
#     to set the Java Heap base and to place the Java Heap above 4GB virtual address.
# This output file may be truncated or incomplete.
#
#  Out of Memory Error (allocation.cpp:44), pid=17984, tid=19044
#
# JRE version: OpenJDK Runtime Environment Temurin-21.0.9+10 (21.0.9+10) (build 21.0.9+10-LTS)
# Java VM: OpenJDK 64-Bit Server VM Temurin-21.0.9+10 (21.0.9+10-LTS, mixed mode, sharing, tiered, compressed oops, compressed class ptrs, parallel gc, windows-amd64)
# No core dump will be written. Minidumps are not enabled by default on client versions of Windows
#

---------------  S U M M A R Y ------------

Command Line: --add-modules=ALL-SYSTEM --add-opens=java.base/java.util=ALL-UNNAMED --add-opens=java.base/java.lang=ALL-UNNAMED --add-opens=java.base/sun.nio.fs=ALL-UNNAMED -Declipse.application=org.eclipse.jdt.ls.core.id1 -Dosgi.bundles.defaultStartLevel=4 -Declipse.product=org.eclipse.jdt.ls.core.product -Djava.import.generatesMetadataFilesAtProjectRoot=false -DDetectVMInstallationsJob.disabled=true -Dfile.encoding=utf8 -XX:+UseParallelGC -XX:GCTimeRatio=4 -XX:AdaptiveSizePolicyWeight=90 -Dsun.zip.disableMemoryMapping=true -Xmx2G -Xms100m -Xlog:disable -javaagent:c:\Users\jwk72\.antigravity\extensions\redhat.java-1.50.0-win32-x64\lombok\lombok-1.18.39-4050.jar -XX:+HeapDumpOnOutOfMemoryError -XX:HeapDumpPath=c:\Users\jwk72\AppData\Roaming\Antigravity\User\workspaceStorage\6ca9ad5394749914e4009cd1a3f31ebb\redhat.java -Daether.dependencyCollector.impl=bf c:\Users\jwk72\.antigravity\extensions\redhat.java-1.50.0-win32-x64\server\plugins\org.eclipse.equinox.launcher_1.7.100.v20251111-0406.jar -configuration c:\Users\jwk72\AppData\Roaming\Antigravity\User\globalStorage\redhat.java\1.50.0\config_win -data c:\Users\jwk72\AppData\Roaming\Antigravity\User\workspaceStorage\6ca9ad5394749914e4009cd1a3f31ebb\redhat.java\jdt_ws --pipe=\\.\pipe\lsp-6af13888b7b2b0db8daa647036f5773e-sock

Host: Intel(R) Core(TM) i7-1065G7 CPU @ 1.30GHz, 8 cores, 15G,  Windows 11 , 64 bit Build 26100 (10.0.26100.7309)
Time: Fri Dec 19 11:58:53 2025 elapsed time: 4913.120179 seconds (0d 1h 21m 53s)

---------------  T H R E A D  ---------------

Current thread (0x000001fd6e032230):  JavaThread "Attach Listener" daemon [_thread_in_vm, id=19044, stack(0x000000939bd00000,0x000000939be00000) (1024K)]

Stack: [0x000000939bd00000,0x000000939be00000]
Native frames: (J=compiled Java code, j=interpreted, Vv=VM code, C=native code)
V  [jvm.dll+0x6d6e29]
V  [jvm.dll+0x8b4b76]
V  [jvm.dll+0x8b712e]
V  [jvm.dll+0x8b7813]
V  [jvm.dll+0x283d86]
V  [jvm.dll+0xc1277]
V  [jvm.dll+0x6d76d9]
V  [jvm.dll+0x133466]
V  [jvm.dll+0x3f7ea6]
V  [jvm.dll+0x85e9ad]
V  [jvm.dll+0x6d565d]
C  [ucrtbase.dll+0x37b0]
C  [KERNEL32.DLL+0x2e8d7]
C  [ntdll.dll+0x8c53c]


---------------  P R O C E S S  ---------------

Threads class SMR info:
_java_thread_list=0x000001fd76d076c0, length=41, elements={
0x000001fd559a1b40, 0x000001fd6e02a4a0, 0x000001fd6e02e460, 0x000001fd6e031230,
0x000001fd6e032230, 0x000001fd6e036ca0, 0x000001fd6e0376f0, 0x000001fd6e038520,
0x000001fd55a5da70, 0x000001fd6fbdf9d0, 0x000001fd6fd23460, 0x000001fd74749440,
0x000001fd74769fa0, 0x000001fd7481e5e0, 0x000001fd7494dbf0, 0x000001fd74be3d20,
0x000001fd748ca600, 0x000001fd74eb2f10, 0x000001fd7501ba20, 0x000001fd74f48910,
0x000001fd773e2d50, 0x000001fd773e2030, 0x000001fd773e4790, 0x000001fd773e33e0,
0x000001fd773e3a70, 0x000001fd773e4100, 0x000001fd773e19a0, 0x000001fd773e1310,
0x000001fd773e4e20, 0x000001fd773e26c0, 0x000001fd773e6ef0, 0x000001fd773e7580,
0x000001fd7899e4a0, 0x000001fd789a1290, 0x000001fd76e7e880, 0x000001fd76e7ce40,
0x000001fd76e7c7b0, 0x000001fd76e80fe0, 0x000001fd76e7ef10, 0x000001fd7751dd40,
0x000001fd7751e3d0
}

Java Threads: ( => current thread )
  0x000001fd559a1b40 JavaThread "main"                              [_thread_blocked, id=17908, stack(0x000000939b600000,0x000000939b700000) (1024K)]
  0x000001fd6e02a4a0 JavaThread "Reference Handler"          daemon [_thread_blocked, id=11512, stack(0x000000939ba00000,0x000000939bb00000) (1024K)]
  0x000001fd6e02e460 JavaThread "Finalizer"                  daemon [_thread_blocked, id=18396, stack(0x000000939bb00000,0x000000939bc00000) (1024K)]
  0x000001fd6e031230 JavaThread "Signal Dispatcher"          daemon [_thread_blocked, id=18184, stack(0x000000939bc00000,0x000000939bd00000) (1024K)]
=>0x000001fd6e032230 JavaThread "Attach Listener"            daemon [_thread_in_vm, id=19044, stack(0x000000939bd00000,0x000000939be00000) (1024K)]
  0x000001fd6e036ca0 JavaThread "Service Thread"             daemon [_thread_blocked, id=19024, stack(0x000000939be00000,0x000000939bf00000) (1024K)]
  0x000001fd6e0376f0 JavaThread "Monitor Deflation Thread"   daemon [_thread_blocked, id=300, stack(0x000000939bf00000,0x000000939c000000) (1024K)]
  0x000001fd6e038520 JavaThread "C2 CompilerThread0"         daemon [_thread_blocked, id=11220, stack(0x000000939c000000,0x000000939c100000) (1024K)]
  0x000001fd55a5da70 JavaThread "C1 CompilerThread0"         daemon [_thread_blocked, id=12608, stack(0x000000939c100000,0x000000939c200000) (1024K)]
  0x000001fd6fbdf9d0 JavaThread "Common-Cleaner"             daemon [_thread_blocked, id=7752, stack(0x000000939c200000,0x000000939c300000) (1024K)]
  0x000001fd6fd23460 JavaThread "Notification Thread"        daemon [_thread_blocked, id=13956, stack(0x000000939c300000,0x000000939c400000) (1024K)]
  0x000001fd74749440 JavaThread "Active Thread: Equinox Container: 7e1c2678-0742-4887-8422-18a1a18d1a2f"        [_thread_blocked, id=6440, stack(0x000000939cc00000,0x000000939cd00000) (1024K)]
  0x000001fd74769fa0 JavaThread "Refresh Thread: Equinox Container: 7e1c2678-0742-4887-8422-18a1a18d1a2f" daemon [_thread_blocked, id=9760, stack(0x000000939cd00000,0x000000939ce00000) (1024K)]
  0x000001fd7481e5e0 JavaThread "Framework Event Dispatcher: Equinox Container: 7e1c2678-0742-4887-8422-18a1a18d1a2f" daemon [_thread_blocked, id=1812, stack(0x000000939cf00000,0x000000939d000000) (1024K)]
  0x000001fd7494dbf0 JavaThread "Start Level: Equinox Container: 7e1c2678-0742-4887-8422-18a1a18d1a2f" daemon [_thread_blocked, id=9044, stack(0x000000939d000000,0x000000939d100000) (1024K)]
  0x000001fd74be3d20 JavaThread "Bundle File Closer"         daemon [_thread_blocked, id=16980, stack(0x000000939d100000,0x000000939d200000) (1024K)]
  0x000001fd748ca600 JavaThread "SCR Component Actor"        daemon [_thread_blocked, id=2400, stack(0x000000939d200000,0x000000939d300000) (1024K)]
  0x000001fd74eb2f10 JavaThread "Worker-JM"                         [_thread_blocked, id=1268, stack(0x000000939d300000,0x000000939d400000) (1024K)]
  0x000001fd7501ba20 JavaThread "JNA Cleaner"                daemon [_thread_blocked, id=5796, stack(0x000000939c400000,0x000000939c500000) (1024K)]
  0x000001fd74f48910 JavaThread "Java indexing"              daemon [_thread_blocked, id=14048, stack(0x000000939d600000,0x000000939d700000) (1024K)]
  0x000001fd773e2d50 JavaThread "Thread-1"                   daemon [_thread_in_native, id=13696, stack(0x000000939de00000,0x000000939df00000) (1024K)]
  0x000001fd773e2030 JavaThread "Thread-2"                   daemon [_thread_in_native, id=9312, stack(0x000000939df00000,0x000000939e000000) (1024K)]
  0x000001fd773e4790 JavaThread "Thread-3"                   daemon [_thread_in_native, id=10680, stack(0x000000939e000000,0x000000939e100000) (1024K)]
  0x000001fd773e33e0 JavaThread "Thread-4"                   daemon [_thread_in_native, id=19384, stack(0x000000939e100000,0x000000939e200000) (1024K)]
  0x000001fd773e3a70 JavaThread "Thread-5"                   daemon [_thread_in_native, id=12032, stack(0x000000939e200000,0x000000939e300000) (1024K)]
  0x000001fd773e4100 JavaThread "Thread-6"                   daemon [_thread_in_native, id=1880, stack(0x000000939e300000,0x000000939e400000) (1024K)]
  0x000001fd773e19a0 JavaThread "Thread-7"                   daemon [_thread_in_native, id=12392, stack(0x000000939e400000,0x000000939e500000) (1024K)]
  0x000001fd773e1310 JavaThread "Thread-8"                   daemon [_thread_in_native, id=11156, stack(0x000000939e500000,0x000000939e600000) (1024K)]
  0x000001fd773e4e20 JavaThread "Thread-9"                   daemon [_thread_in_native, id=16076, stack(0x000000939e600000,0x000000939e700000) (1024K)]
  0x000001fd773e26c0 JavaThread "pool-2-thread-1"                   [_thread_blocked, id=18896, stack(0x000000939e700000,0x000000939e800000) (1024K)]
  0x000001fd773e6ef0 JavaThread "WorkspaceEventsHandler"            [_thread_blocked, id=16428, stack(0x000000939e900000,0x000000939ea00000) (1024K)]
  0x000001fd773e7580 JavaThread "pool-1-thread-1"                   [_thread_blocked, id=11880, stack(0x000000939ea00000,0x000000939eb00000) (1024K)]
  0x000001fd7899e4a0 JavaThread "Timer-0"                           [_thread_blocked, id=10116, stack(0x000000939f200000,0x000000939f300000) (1024K)]
  0x000001fd789a1290 JavaThread "Cleaner-0"                  daemon [_thread_blocked, id=7636, stack(0x000000939eb00000,0x000000939ec00000) (1024K)]
  0x000001fd76e7e880 JavaThread "ForkJoinPool.commonPool-worker-37" daemon [_thread_blocked, id=14676, stack(0x000000939b300000,0x000000939b400000) (1024K)]
  0x000001fd76e7ce40 JavaThread "ForkJoinPool.commonPool-worker-38" daemon [_thread_blocked, id=1748, stack(0x000000939b400000,0x000000939b500000) (1024K)]
  0x000001fd76e7c7b0 JavaThread "ForkJoinPool.commonPool-worker-41" daemon [_thread_blocked, id=14952, stack(0x000000939d500000,0x000000939d600000) (1024K)]
  0x000001fd76e80fe0 JavaThread "ForkJoinPool.commonPool-worker-40" daemon [_thread_blocked, id=2336, stack(0x000000939d700000,0x000000939d800000) (1024K)]
  0x000001fd76e7ef10 JavaThread "Worker-56"                         [_thread_blocked, id=8992, stack(0x000000939da00000,0x000000939db00000) (1024K)]
  0x000001fd7751dd40 JavaThread "Worker-59"                         [_thread_blocked, id=3540, stack(0x000000939c500000,0x000000939c600000) (1024K)]
  0x000001fd7751e3d0 JavaThread "ForkJoinPool.commonPool-worker-45" daemon [_thread_blocked, id=5644, stack(0x000000939d400000,0x000000939d500000) (1024K)]
Total: 41

Other Threads:
  0x000001fd6e023600 VMThread "VM Thread"                           [id=17760, stack(0x000000939b900000,0x000000939ba00000) (1024K)]
  0x000001fd55a0f950 WatcherThread "VM Periodic Task Thread"        [id=7788, stack(0x000000939b800000,0x000000939b900000) (1024K)]
  0x000001fd559c0230 WorkerThread "GC Thread#0"                     [id=18488, stack(0x000000939b700000,0x000000939b800000) (1024K)]
  0x000001fd746e47c0 WorkerThread "GC Thread#1"                     [id=18592, stack(0x000000939c600000,0x000000939c700000) (1024K)]
  0x000001fd74614670 WorkerThread "GC Thread#2"                     [id=11436, stack(0x000000939c700000,0x000000939c800000) (1024K)]
  0x000001fd7420e380 WorkerThread "GC Thread#3"                     [id=7860, stack(0x000000939c800000,0x000000939c900000) (1024K)]
  0x000001fd747ab330 WorkerThread "GC Thread#4"                     [id=13364, stack(0x000000939c900000,0x000000939ca00000) (1024K)]
  0x000001fd7420e720 WorkerThread "GC Thread#5"                     [id=1668, stack(0x000000939ca00000,0x000000939cb00000) (1024K)]
  0x000001fd7420eac0 WorkerThread "GC Thread#6"                     [id=18828, stack(0x000000939cb00000,0x000000939cc00000) (1024K)]
  0x000001fd747b73c0 WorkerThread "GC Thread#7"                     [id=9588, stack(0x000000939ce00000,0x000000939cf00000) (1024K)]
Total: 10

Threads with active compile tasks:
Total: 0

VM state: not at safepoint (normal execution)

VM Mutex/Monitor currently owned by a thread: None

Heap address: 0x0000000080000000, size: 2048 MB, Compressed Oops mode: 32-bit

CDS archive(s) mapped at: [0x000001fd00000000-0x000001fd00ba0000-0x000001fd00ba0000), size 12189696, SharedBaseAddress: 0x000001fd00000000, ArchiveRelocationMode: 1.
Compressed class space mapped at: 0x000001fd01000000-0x000001fd41000000, reserved size: 1073741824
Narrow klass base: 0x000001fd00000000, Narrow klass shift: 0, Narrow klass range: 0x100000000

GC Precious Log:
 CardTable entry size: 512
 CPUs: 8 total, 8 available
 Memory: 16145M
 Large Page Support: Disabled
 NUMA Support: Disabled
 Compressed Oops: Enabled (32-bit)
 Alignments: Space 512K, Generation 512K, Heap 2M
 Heap Min Capacity: 100M
 Heap Initial Capacity: 100M
 Heap Max Capacity: 2G
 Pre-touch: Disabled
 Parallel Workers: 8

Heap:
 PSYoungGen      total 7168K, used 3096K [0x00000000d5580000, 0x00000000d6280000, 0x0000000100000000)
  eden space 6144K, 41% used [0x00000000d5580000,0x00000000d57fba70,0x00000000d5b80000)
  from space 1024K, 54% used [0x00000000d6180000,0x00000000d620a910,0x00000000d6280000)
  to   space 1024K, 0% used [0x00000000d6080000,0x00000000d6080000,0x00000000d6180000)
 ParOldGen       total 1080320K, used 1079827K [0x0000000080000000, 0x00000000c1f00000, 0x00000000d5580000)
  object space 1080320K, 99% used [0x0000000080000000,0x00000000c1e84d20,0x00000000c1f00000)
 Metaspace       used 93904K, committed 95424K, reserved 1179648K
  class space    used 10122K, committed 10752K, reserved 1048576K

Card table byte_map: [0x000001fd693a0000,0x000001fd697b0000] _byte_map_base: 0x000001fd68fa0000

Marking Bits: (ParMarkBitMap*) 0x00007ffe81d22460
 Begin Bits: [0x000001fd69a60000, 0x000001fd6ba60000)
 End Bits:   [0x000001fd6ba60000, 0x000001fd6da60000)

Polling page: 0x000001fd556e0000

Metaspace:

Usage:
  Non-class:     81.82 MB used.
      Class:      9.88 MB used.
       Both:     91.70 MB used.

Virtual space:
  Non-class space:      128.00 MB reserved,      82.69 MB ( 65%) committed,  2 nodes.
      Class space:        1.00 GB reserved,      10.50 MB (  1%) committed,  1 nodes.
             Both:        1.12 GB reserved,      93.19 MB (  8%) committed. 

Chunk freelists:
   Non-Class:  13.34 MB
       Class:  5.50 MB
        Both:  18.84 MB

MaxMetaspaceSize: unlimited
CompressedClassSpaceSize: 1.00 GB
Initial GC threshold: 21.00 MB
Current GC threshold: 152.75 MB
CDS: on
 - commit_granule_bytes: 65536.
 - commit_granule_words: 8192.
 - virtual_space_node_default_size: 8388608.
 - enlarge_chunks_in_place: 1.
 - use_allocation_guard: 0.


Internal statistics:

num_allocs_failed_limit: 13.
num_arena_births: 1796.
num_arena_deaths: 466.
num_vsnodes_births: 3.
num_vsnodes_deaths: 0.
num_space_committed: 1491.
num_space_uncommitted: 0.
num_chunks_returned_to_freelist: 528.
num_chunks_taken_from_freelist: 6453.
num_chunk_merges: 145.
num_chunk_splits: 3798.
num_chunks_enlarged: 2188.
num_inconsistent_stats: 0.

CodeHeap 'non-profiled nmethods': size=120000Kb used=21752Kb max_used=21752Kb free=98247Kb
 bounds [0x000001fd61c90000, 0x000001fd631d0000, 0x000001fd691c0000]
CodeHeap 'profiled nmethods': size=120000Kb used=41634Kb max_used=46696Kb free=78366Kb
 bounds [0x000001fd5a1c0000, 0x000001fd5cf60000, 0x000001fd616f0000]
CodeHeap 'non-nmethods': size=5760Kb used=1539Kb max_used=1612Kb free=4220Kb
 bounds [0x000001fd616f0000, 0x000001fd61960000, 0x000001fd61c90000]
CodeCache: size=245760Kb, used=64925Kb, max_used=70060Kb, free=180833Kb
 total_blobs=17977, nmethods=17129, adapters=750, full_count=0
Compilation: enabled, stopped_count=0, restarted_count=0

Compilation events (20 events):
Event: 4778.815 Thread 0x000001fd55a5da70 nmethod 21163 0x000001fd5be33a10 code [0x000001fd5be33be0, 0x000001fd5be33fb8]
Event: 4778.815 Thread 0x000001fd55a5da70 21164       3       org.eclipse.jdt.internal.core.hierarchy.HierarchyResolver::remember (108 bytes)
Event: 4778.815 Thread 0x000001fd55a5da70 nmethod 21164 0x000001fd5bae6910 code [0x000001fd5bae6b20, 0x000001fd5bae72e8]
Event: 4778.815 Thread 0x000001fd55a5da70 21165       3       org.eclipse.jdt.internal.core.hierarchy.BindingMap::put (47 bytes)
Event: 4778.815 Thread 0x000001fd55a5da70 nmethod 21165 0x000001fd5b56da90 code [0x000001fd5b56dc80, 0x000001fd5b56e008]
Event: 4778.816 Thread 0x000001fd6e038520 nmethod 21166 0x000001fd631cc790 code [0x000001fd631cc920, 0x000001fd631ccaa8]
Event: 4779.044 Thread 0x000001fd6e038520 21167   !   4       lombok.core.FieldAugment$MapFieldAugment::getAndSet (42 bytes)
Event: 4779.046 Thread 0x000001fd6e038520 nmethod 21167 0x000001fd631ccb90 code [0x000001fd631ccd60, 0x000001fd631cd220]
Event: 4779.048 Thread 0x000001fd6e038520 21168   !   4       org.eclipse.jdt.internal.core.CompilationUnitProblemFinder::accept (199 bytes)
Event: 4779.048 Thread 0x000001fd6e038520 nmethod 21168 0x000001fd631cd590 code [0x000001fd631cd720, 0x000001fd631cd818]
Event: 4779.053 Thread 0x000001fd6e038520 21169       4       lombok.eclipse.handlers.EclipseHandlerUtil::hasNonNullAnnotations (104 bytes)
Event: 4779.054 Thread 0x000001fd6e038520 nmethod 21169 0x000001fd631cd990 code [0x000001fd631cdb20, 0x000001fd631cdbc8]
Event: 4779.055 Thread 0x000001fd55a5da70 21170       3       org.eclipse.jdt.ls.core.internal.JavaLanguageServerPlugin::logInfo (32 bytes)
Event: 4779.055 Thread 0x000001fd55a5da70 nmethod 21170 0x000001fd5bae5b10 code [0x000001fd5bae5d60, 0x000001fd5bae64e0]
Event: 4779.055 Thread 0x000001fd55a5da70 21171   !   3       org.eclipse.jdt.ls.core.internal.JDTUtils::isExcludedFile (122 bytes)
Event: 4779.056 Thread 0x000001fd55a5da70 nmethod 21171 0x000001fd5a698390 code [0x000001fd5a6986e0, 0x000001fd5a699bc0]
Event: 4804.385 Thread 0x000001fd6e038520 21172       4       java.util.HashMap$Node::setValue (12 bytes)
Event: 4804.385 Thread 0x000001fd55a5da70 21173  s    1       org.eclipse.core.internal.jobs.ThreadJob::isRunning (5 bytes)
Event: 4804.385 Thread 0x000001fd55a5da70 nmethod 21173 0x000001fd631cdd10 code [0x000001fd631cdea0, 0x000001fd631ce028]
Event: 4804.386 Thread 0x000001fd6e038520 nmethod 21172 0x000001fd631ce090 code [0x000001fd631ce220, 0x000001fd631ce2c8]

GC Heap History (20 events):
Event: 4612.928 GC heap before
{Heap before GC invocations=2592 (full 5):
 PSYoungGen      total 7168K, used 6974K [0x00000000d5580000, 0x00000000d5e00000, 0x0000000100000000)
  eden space 6144K, 99% used [0x00000000d5580000,0x00000000d5b7e670,0x00000000d5b80000)
  from space 1024K, 81% used [0x00000000d5d00000,0x00000000d5dd1210,0x00000000d5e00000)
  to   space 1024K, 0% used [0x00000000d5b80000,0x00000000d5b80000,0x00000000d5c80000)
 ParOldGen       total 1070592K, used 1070527K [0x0000000080000000, 0x00000000c1580000, 0x00000000d5580000)
  object space 1070592K, 99% used [0x0000000080000000,0x00000000c156fde0,0x00000000c1580000)
 Metaspace       used 93871K, committed 95296K, reserved 1179648K
  class space    used 10122K, committed 10752K, reserved 1048576K
}
Event: 4612.929 GC heap after
{Heap after GC invocations=2592 (full 5):
 PSYoungGen      total 7168K, used 288K [0x00000000d5580000, 0x00000000d5d80000, 0x0000000100000000)
  eden space 6144K, 0% used [0x00000000d5580000,0x00000000d5580000,0x00000000d5b80000)
  from space 1024K, 28% used [0x00000000d5b80000,0x00000000d5bc8000,0x00000000d5c80000)
  to   space 512K, 0% used [0x00000000d5d00000,0x00000000d5d00000,0x00000000d5d80000)
 ParOldGen       total 1071616K, used 1071212K [0x0000000080000000, 0x00000000c1680000, 0x00000000d5580000)
  object space 1071616K, 99% used [0x0000000080000000,0x00000000c161b030,0x00000000c1680000)
 Metaspace       used 93871K, committed 95296K, reserved 1179648K
  class space    used 10122K, committed 10752K, reserved 1048576K
}
Event: 4612.940 GC heap before
{Heap before GC invocations=2593 (full 5):
 PSYoungGen      total 7168K, used 6432K [0x00000000d5580000, 0x00000000d5d80000, 0x0000000100000000)
  eden space 6144K, 100% used [0x00000000d5580000,0x00000000d5b80000,0x00000000d5b80000)
  from space 1024K, 28% used [0x00000000d5b80000,0x00000000d5bc8000,0x00000000d5c80000)
  to   space 512K, 0% used [0x00000000d5d00000,0x00000000d5d00000,0x00000000d5d80000)
 ParOldGen       total 1071616K, used 1071212K [0x0000000080000000, 0x00000000c1680000, 0x00000000d5580000)
  object space 1071616K, 99% used [0x0000000080000000,0x00000000c161b030,0x00000000c1680000)
 Metaspace       used 93871K, committed 95360K, reserved 1179648K
  class space    used 10122K, committed 10752K, reserved 1048576K
}
Event: 4612.941 GC heap after
{Heap after GC invocations=2593 (full 5):
 PSYoungGen      total 6656K, used 506K [0x00000000d5580000, 0x00000000d5d80000, 0x0000000100000000)
  eden space 6144K, 0% used [0x00000000d5580000,0x00000000d5580000,0x00000000d5b80000)
  from space 512K, 98% used [0x00000000d5d00000,0x00000000d5d7e900,0x00000000d5d80000)
  to   space 1024K, 0% used [0x00000000d5b80000,0x00000000d5b80000,0x00000000d5c80000)
 ParOldGen       total 1071616K, used 1071500K [0x0000000080000000, 0x00000000c1680000, 0x00000000d5580000)
  object space 1071616K, 99% used [0x0000000080000000,0x00000000c1663050,0x00000000c1680000)
 Metaspace       used 93871K, committed 95360K, reserved 1179648K
  class space    used 10122K, committed 10752K, reserved 1048576K
}
Event: 4613.339 GC heap before
{Heap before GC invocations=2594 (full 5):
 PSYoungGen      total 6656K, used 6650K [0x00000000d5580000, 0x00000000d5d80000, 0x0000000100000000)
  eden space 6144K, 100% used [0x00000000d5580000,0x00000000d5b80000,0x00000000d5b80000)
  from space 512K, 98% used [0x00000000d5d00000,0x00000000d5d7e900,0x00000000d5d80000)
  to   space 1024K, 0% used [0x00000000d5b80000,0x00000000d5b80000,0x00000000d5c80000)
 ParOldGen       total 1071616K, used 1071500K [0x0000000080000000, 0x00000000c1680000, 0x00000000d5580000)
  object space 1071616K, 99% used [0x0000000080000000,0x00000000c1663050,0x00000000c1680000)
 Metaspace       used 93872K, committed 95360K, reserved 1179648K
  class space    used 10122K, committed 10752K, reserved 1048576K
}
Event: 4613.342 GC heap after
{Heap after GC invocations=2594 (full 5):
 PSYoungGen      total 7168K, used 698K [0x00000000d5580000, 0x00000000d5d80000, 0x0000000100000000)
  eden space 6144K, 0% used [0x00000000d5580000,0x00000000d5580000,0x00000000d5b80000)
  from space 1024K, 68% used [0x00000000d5b80000,0x00000000d5c2e900,0x00000000d5c80000)
  to   space 1024K, 0% used [0x00000000d5c80000,0x00000000d5c80000,0x00000000d5d80000)
 ParOldGen       total 1072128K, used 1072000K [0x0000000080000000, 0x00000000c1700000, 0x00000000d5580000)
  object space 1072128K, 99% used [0x0000000080000000,0x00000000c16e0260,0x00000000c1700000)
 Metaspace       used 93872K, committed 95360K, reserved 1179648K
  class space    used 10122K, committed 10752K, reserved 1048576K
}
Event: 4613.350 GC heap before
{Heap before GC invocations=2595 (full 5):
 PSYoungGen      total 7168K, used 6842K [0x00000000d5580000, 0x00000000d5d80000, 0x0000000100000000)
  eden space 6144K, 100% used [0x00000000d5580000,0x00000000d5b80000,0x00000000d5b80000)
  from space 1024K, 68% used [0x00000000d5b80000,0x00000000d5c2e900,0x00000000d5c80000)
  to   space 1024K, 0% used [0x00000000d5c80000,0x00000000d5c80000,0x00000000d5d80000)
 ParOldGen       total 1072128K, used 1072000K [0x0000000080000000, 0x00000000c1700000, 0x00000000d5580000)
  object space 1072128K, 99% used [0x0000000080000000,0x00000000c16e0260,0x00000000c1700000)
 Metaspace       used 93872K, committed 95360K, reserved 1179648K
  class space    used 10122K, committed 10752K, reserved 1048576K
}
Event: 4613.353 GC heap after
{Heap after GC invocations=2595 (full 5):
 PSYoungGen      total 7168K, used 804K [0x00000000d5580000, 0x00000000d5d80000, 0x0000000100000000)
  eden space 6144K, 0% used [0x00000000d5580000,0x00000000d5580000,0x00000000d5b80000)
  from space 1024K, 78% used [0x00000000d5c80000,0x00000000d5d49210,0x00000000d5d80000)
  to   space 1024K, 0% used [0x00000000d5b80000,0x00000000d5b80000,0x00000000d5c80000)
 ParOldGen       total 1072640K, used 1072597K [0x0000000080000000, 0x00000000c1780000, 0x00000000d5580000)
  object space 1072640K, 99% used [0x0000000080000000,0x00000000c1775470,0x00000000c1780000)
 Metaspace       used 93872K, committed 95360K, reserved 1179648K
  class space    used 10122K, committed 10752K, reserved 1048576K
}
Event: 4778.590 GC heap before
{Heap before GC invocations=2596 (full 5):
 PSYoungGen      total 7168K, used 6948K [0x00000000d5580000, 0x00000000d5d80000, 0x0000000100000000)
  eden space 6144K, 100% used [0x00000000d5580000,0x00000000d5b80000,0x00000000d5b80000)
  from space 1024K, 78% used [0x00000000d5c80000,0x00000000d5d49210,0x00000000d5d80000)
  to   space 1024K, 0% used [0x00000000d5b80000,0x00000000d5b80000,0x00000000d5c80000)
 ParOldGen       total 1072640K, used 1072597K [0x0000000080000000, 0x00000000c1780000, 0x00000000d5580000)
  object space 1072640K, 99% used [0x0000000080000000,0x00000000c1775470,0x00000000c1780000)
 Metaspace       used 93891K, committed 95424K, reserved 1179648K
  class space    used 10122K, committed 10752K, reserved 1048576K
}
Event: 4778.595 GC heap after
{Heap after GC invocations=2596 (full 5):
 PSYoungGen      total 7168K, used 564K [0x00000000d5580000, 0x00000000d5d80000, 0x0000000100000000)
  eden space 6144K, 0% used [0x00000000d5580000,0x00000000d5580000,0x00000000d5b80000)
  from space 1024K, 55% used [0x00000000d5b80000,0x00000000d5c0d200,0x00000000d5c80000)
  to   space 1024K, 0% used [0x00000000d5c80000,0x00000000d5c80000,0x00000000d5d80000)
 ParOldGen       total 1073664K, used 1073345K [0x0000000080000000, 0x00000000c1880000, 0x00000000d5580000)
  object space 1073664K, 99% used [0x0000000080000000,0x00000000c18306a0,0x00000000c1880000)
 Metaspace       used 93891K, committed 95424K, reserved 1179648K
  class space    used 10122K, committed 10752K, reserved 1048576K
}
Event: 4778.761 GC heap before
{Heap before GC invocations=2597 (full 5):
 PSYoungGen      total 7168K, used 6708K [0x00000000d5580000, 0x00000000d5d80000, 0x0000000100000000)
  eden space 6144K, 100% used [0x00000000d5580000,0x00000000d5b80000,0x00000000d5b80000)
  from space 1024K, 55% used [0x00000000d5b80000,0x00000000d5c0d200,0x00000000d5c80000)
  to   space 1024K, 0% used [0x00000000d5c80000,0x00000000d5c80000,0x00000000d5d80000)
 ParOldGen       total 1073664K, used 1073345K [0x0000000080000000, 0x00000000c1880000, 0x00000000d5580000)
  object space 1073664K, 99% used [0x0000000080000000,0x00000000c18306a0,0x00000000c1880000)
 Metaspace       used 93898K, committed 95424K, reserved 1179648K
  class space    used 10122K, committed 10752K, reserved 1048576K
}
Event: 4778.763 GC heap after
{Heap after GC invocations=2597 (full 5):
 PSYoungGen      total 7168K, used 730K [0x00000000d5580000, 0x00000000d5d80000, 0x0000000100000000)
  eden space 6144K, 0% used [0x00000000d5580000,0x00000000d5580000,0x00000000d5b80000)
  from space 1024K, 71% used [0x00000000d5c80000,0x00000000d5d36900,0x00000000d5d80000)
  to   space 1024K, 0% used [0x00000000d5b80000,0x00000000d5b80000,0x00000000d5c80000)
 ParOldGen       total 1073664K, used 1073646K [0x0000000080000000, 0x00000000c1880000, 0x00000000d5580000)
  object space 1073664K, 99% used [0x0000000080000000,0x00000000c187b8c0,0x00000000c1880000)
 Metaspace       used 93898K, committed 95424K, reserved 1179648K
  class space    used 10122K, committed 10752K, reserved 1048576K
}
Event: 4778.785 GC heap before
{Heap before GC invocations=2598 (full 5):
 PSYoungGen      total 7168K, used 6874K [0x00000000d5580000, 0x00000000d5d80000, 0x0000000100000000)
  eden space 6144K, 100% used [0x00000000d5580000,0x00000000d5b80000,0x00000000d5b80000)
  from space 1024K, 71% used [0x00000000d5c80000,0x00000000d5d36900,0x00000000d5d80000)
  to   space 1024K, 0% used [0x00000000d5b80000,0x00000000d5b80000,0x00000000d5c80000)
 ParOldGen       total 1073664K, used 1073646K [0x0000000080000000, 0x00000000c1880000, 0x00000000d5580000)
  object space 1073664K, 99% used [0x0000000080000000,0x00000000c187b8c0,0x00000000c1880000)
 Metaspace       used 93900K, committed 95424K, reserved 1179648K
  class space    used 10122K, committed 10752K, reserved 1048576K
}
Event: 4778.788 GC heap after
{Heap after GC invocations=2598 (full 5):
 PSYoungGen      total 7168K, used 1009K [0x00000000d5580000, 0x00000000d6980000, 0x0000000100000000)
  eden space 6144K, 0% used [0x00000000d5580000,0x00000000d5580000,0x00000000d5b80000)
  from space 1024K, 98% used [0x00000000d5b80000,0x00000000d5c7c420,0x00000000d5c80000)
  to   space 7168K, 0% used [0x00000000d6280000,0x00000000d6280000,0x00000000d6980000)
 ParOldGen       total 1078784K, used 1078554K [0x0000000080000000, 0x00000000c1d80000, 0x00000000d5580000)
  object space 1078784K, 99% used [0x0000000080000000,0x00000000c1d46af0,0x00000000c1d80000)
 Metaspace       used 93900K, committed 95424K, reserved 1179648K
  class space    used 10122K, committed 10752K, reserved 1048576K
}
Event: 4778.799 GC heap before
{Heap before GC invocations=2599 (full 5):
 PSYoungGen      total 7168K, used 7153K [0x00000000d5580000, 0x00000000d6980000, 0x0000000100000000)
  eden space 6144K, 100% used [0x00000000d5580000,0x00000000d5b80000,0x00000000d5b80000)
  from space 1024K, 98% used [0x00000000d5b80000,0x00000000d5c7c420,0x00000000d5c80000)
  to   space 7168K, 0% used [0x00000000d6280000,0x00000000d6280000,0x00000000d6980000)
 ParOldGen       total 1078784K, used 1078554K [0x0000000080000000, 0x00000000c1d80000, 0x00000000d5580000)
  object space 1078784K, 99% used [0x0000000080000000,0x00000000c1d46af0,0x00000000c1d80000)
 Metaspace       used 93901K, committed 95424K, reserved 1179648K
  class space    used 10122K, committed 10752K, reserved 1048576K
}
Event: 4778.800 GC heap after
{Heap after GC invocations=2599 (full 5):
 PSYoungGen      total 7168K, used 762K [0x00000000d5580000, 0x00000000d6380000, 0x0000000100000000)
  eden space 6144K, 0% used [0x00000000d5580000,0x00000000d5580000,0x00000000d5b80000)
  from space 1024K, 74% used [0x00000000d6280000,0x00000000d633e900,0x00000000d6380000)
  to   space 3072K, 0% used [0x00000000d5d80000,0x00000000d5d80000,0x00000000d6080000)
 ParOldGen       total 1078784K, used 1078610K [0x0000000080000000, 0x00000000c1d80000, 0x00000000d5580000)
  object space 1078784K, 99% used [0x0000000080000000,0x00000000c1d54af0,0x00000000c1d80000)
 Metaspace       used 93901K, committed 95424K, reserved 1179648K
  class space    used 10122K, committed 10752K, reserved 1048576K
}
Event: 4779.039 GC heap before
{Heap before GC invocations=2600 (full 5):
 PSYoungGen      total 7168K, used 6906K [0x00000000d5580000, 0x00000000d6380000, 0x0000000100000000)
  eden space 6144K, 100% used [0x00000000d5580000,0x00000000d5b80000,0x00000000d5b80000)
  from space 1024K, 74% used [0x00000000d6280000,0x00000000d633e900,0x00000000d6380000)
  to   space 3072K, 0% used [0x00000000d5d80000,0x00000000d5d80000,0x00000000d6080000)
 ParOldGen       total 1078784K, used 1078610K [0x0000000080000000, 0x00000000c1d80000, 0x00000000d5580000)
  object space 1078784K, 99% used [0x0000000080000000,0x00000000c1d54af0,0x00000000c1d80000)
 Metaspace       used 93904K, committed 95424K, reserved 1179648K
  class space    used 10122K, committed 10752K, reserved 1048576K
}
Event: 4779.042 GC heap after
{Heap after GC invocations=2600 (full 5):
 PSYoungGen      total 9216K, used 852K [0x00000000d5580000, 0x00000000d6300000, 0x0000000100000000)
  eden space 6144K, 0% used [0x00000000d5580000,0x00000000d5580000,0x00000000d5b80000)
  from space 3072K, 27% used [0x00000000d5d80000,0x00000000d5e55200,0x00000000d6080000)
  to   space 1536K, 0% used [0x00000000d6180000,0x00000000d6180000,0x00000000d6300000)
 ParOldGen       total 1079296K, used 1079235K [0x0000000080000000, 0x00000000c1e00000, 0x00000000d5580000)
  object space 1079296K, 99% used [0x0000000080000000,0x00000000c1df0d00,0x00000000c1e00000)
 Metaspace       used 93904K, committed 95424K, reserved 1179648K
  class space    used 10122K, committed 10752K, reserved 1048576K
}
Event: 4779.049 GC heap before
{Heap before GC invocations=2601 (full 5):
 PSYoungGen      total 9216K, used 6996K [0x00000000d5580000, 0x00000000d6300000, 0x0000000100000000)
  eden space 6144K, 100% used [0x00000000d5580000,0x00000000d5b80000,0x00000000d5b80000)
  from space 3072K, 27% used [0x00000000d5d80000,0x00000000d5e55200,0x00000000d6080000)
  to   space 1536K, 0% used [0x00000000d6180000,0x00000000d6180000,0x00000000d6300000)
 ParOldGen       total 1079296K, used 1079235K [0x0000000080000000, 0x00000000c1e00000, 0x00000000d5580000)
  object space 1079296K, 99% used [0x0000000080000000,0x00000000c1df0d00,0x00000000c1e00000)
 Metaspace       used 93904K, committed 95424K, reserved 1179648K
  class space    used 10122K, committed 10752K, reserved 1048576K
}
Event: 4779.051 GC heap after
{Heap after GC invocations=2601 (full 5):
 PSYoungGen      total 7168K, used 554K [0x00000000d5580000, 0x00000000d6280000, 0x0000000100000000)
  eden space 6144K, 0% used [0x00000000d5580000,0x00000000d5580000,0x00000000d5b80000)
  from space 1024K, 54% used [0x00000000d6180000,0x00000000d620a910,0x00000000d6280000)
  to   space 1024K, 0% used [0x00000000d6080000,0x00000000d6080000,0x00000000d6180000)
 ParOldGen       total 1080320K, used 1079827K [0x0000000080000000, 0x00000000c1f00000, 0x00000000d5580000)
  object space 1080320K, 99% used [0x0000000080000000,0x00000000c1e84d20,0x00000000c1f00000)
 Metaspace       used 93904K, committed 95424K, reserved 1179648K
  class space    used 10122K, committed 10752K, reserved 1048576K
}

Dll operation events (15 events):
Event: 0.015 Loaded shared library c:\Users\jwk72\.antigravity\extensions\redhat.java-1.50.0-win32-x64\jre\21.0.9-win32-x86_64\bin\java.dll
Event: 0.051 Loaded shared library c:\Users\jwk72\.antigravity\extensions\redhat.java-1.50.0-win32-x64\jre\21.0.9-win32-x86_64\bin\zip.dll
Event: 0.240 Loaded shared library C:\Users\jwk72\.antigravity\extensions\redhat.java-1.50.0-win32-x64\jre\21.0.9-win32-x86_64\bin\instrument.dll
Event: 0.260 Loaded shared library C:\Users\jwk72\.antigravity\extensions\redhat.java-1.50.0-win32-x64\jre\21.0.9-win32-x86_64\bin\net.dll
Event: 0.266 Loaded shared library C:\Users\jwk72\.antigravity\extensions\redhat.java-1.50.0-win32-x64\jre\21.0.9-win32-x86_64\bin\nio.dll
Event: 0.270 Loaded shared library C:\Users\jwk72\.antigravity\extensions\redhat.java-1.50.0-win32-x64\jre\21.0.9-win32-x86_64\bin\zip.dll
Event: 0.290 Loaded shared library C:\Users\jwk72\.antigravity\extensions\redhat.java-1.50.0-win32-x64\jre\21.0.9-win32-x86_64\bin\jimage.dll
Event: 0.517 Loaded shared library c:\Users\jwk72\.antigravity\extensions\redhat.java-1.50.0-win32-x64\jre\21.0.9-win32-x86_64\bin\verify.dll
Event: 2.143 Loaded shared library C:\Users\jwk72\AppData\Roaming\Antigravity\User\globalStorage\redhat.java\1.50.0\config_win\org.eclipse.equinox.launcher\org.eclipse.equinox.launcher.win32.win32.x86_64_1.2.1400.v20250801-0854\eclipse_11916.dll
Event: 4.072 Loaded shared library C:\Users\jwk72\AppData\Local\Temp\jna-101542937\jna14931937373068345961.dll
Event: 6.709 Loaded shared library C:\Users\jwk72\.antigravity\extensions\redhat.java-1.50.0-win32-x64\jre\21.0.9-win32-x86_64\bin\sunmscapi.dll
Event: 6.836 Loaded shared library C:\Users\jwk72\.antigravity\extensions\redhat.java-1.50.0-win32-x64\jre\21.0.9-win32-x86_64\bin\extnet.dll
Event: 9.531 Loaded shared library C:\Users\jwk72\.gradle\native\1def1411415f61bf3af743bc5b6707747c0891f09f0c88961ee8f79bc544acac\windows-amd64\native-platform.dll
Event: 11.309 Loaded shared library C:\Users\jwk72\.antigravity\extensions\redhat.java-1.50.0-win32-x64\jre\21.0.9-win32-x86_64\bin\management.dll
Event: 11.312 Loaded shared library C:\Users\jwk72\.antigravity\extensions\redhat.java-1.50.0-win32-x64\jre\21.0.9-win32-x86_64\bin\management_ext.dll

Deoptimization events (20 events):
Event: 4778.797 Thread 0x000001fd775211c0 Uncommon trap: trap_request=0xffffff45 fr.pc=0x000001fd6305384c relative=0x00000000000010cc
Event: 4778.797 Thread 0x000001fd775211c0 Uncommon trap: reason=unstable_if action=reinterpret pc=0x000001fd6305384c method=lombok.eclipse.handlers.EclipseHandlerUtil.getDocComment(Llombok/eclipse/EclipseNode;)Ljava/lang/String; @ 7 c2
Event: 4778.797 Thread 0x000001fd775211c0 DEOPT PACKING pc=0x000001fd6305384c sp=0x000000939dbfd640
Event: 4778.797 Thread 0x000001fd775211c0 DEOPT UNPACKING pc=0x000001fd61746da2 sp=0x000000939dbfd5f0 mode 2
Event: 4778.805 Thread 0x000001fd775211c0 Uncommon trap: trap_request=0xffffff45 fr.pc=0x000001fd631b808c relative=0x00000000000004ec
Event: 4778.805 Thread 0x000001fd775211c0 Uncommon trap: reason=unstable_if action=reinterpret pc=0x000001fd631b808c method=org.eclipse.jdt.internal.compiler.ast.Argument.createBinding(Lorg/eclipse/jdt/internal/compiler/lookup/MethodScope;Lorg/eclipse/jdt/internal/compiler/lookup/TypeBinding;)Lor
Event: 4778.805 Thread 0x000001fd775211c0 DEOPT PACKING pc=0x000001fd631b808c sp=0x000000939dbfdc00
Event: 4778.805 Thread 0x000001fd775211c0 DEOPT UNPACKING pc=0x000001fd61746da2 sp=0x000000939dbfdba8 mode 2
Event: 4778.808 Thread 0x000001fd775211c0 Uncommon trap: trap_request=0xffffff45 fr.pc=0x000001fd62ffc614 relative=0x0000000000000754
Event: 4778.808 Thread 0x000001fd775211c0 Uncommon trap: reason=unstable_if action=reinterpret pc=0x000001fd62ffc614 method=org.eclipse.jdt.internal.compiler.problem.ProblemHandler.handle(I[Ljava/lang/String;I[Ljava/lang/String;IIILorg/eclipse/jdt/internal/compiler/impl/ReferenceContext;Lorg/ecli
Event: 4778.808 Thread 0x000001fd775211c0 DEOPT PACKING pc=0x000001fd62ffc614 sp=0x000000939dbfdc50
Event: 4778.808 Thread 0x000001fd775211c0 DEOPT UNPACKING pc=0x000001fd61746da2 sp=0x000000939dbfdc10 mode 2
Event: 4778.808 Thread 0x000001fd775211c0 Uncommon trap: trap_request=0xffffff45 fr.pc=0x000001fd62ed6404 relative=0x0000000000000f44
Event: 4778.808 Thread 0x000001fd775211c0 Uncommon trap: reason=unstable_if action=reinterpret pc=0x000001fd62ed6404 method=org.eclipse.jdt.internal.compiler.ast.ASTNode.resolveAnnotations(Lorg/eclipse/jdt/internal/compiler/lookup/BlockScope;[Lorg/eclipse/jdt/internal/compiler/ast/Annotation;Lorg
Event: 4778.808 Thread 0x000001fd775211c0 DEOPT PACKING pc=0x000001fd62ed6404 sp=0x000000939dbfdc90
Event: 4778.808 Thread 0x000001fd775211c0 DEOPT UNPACKING pc=0x000001fd61746da2 sp=0x000000939dbfdbf8 mode 2
Event: 4778.808 Thread 0x000001fd775211c0 Uncommon trap: trap_request=0xffffff45 fr.pc=0x000001fd63117f94 relative=0x0000000000002554
Event: 4778.808 Thread 0x000001fd775211c0 Uncommon trap: reason=unstable_if action=reinterpret pc=0x000001fd63117f94 method=org.eclipse.jdt.internal.compiler.ast.Annotation.resolveType(Lorg/eclipse/jdt/internal/compiler/lookup/BlockScope;)Lorg/eclipse/jdt/internal/compiler/lookup/TypeBinding; @ 4
Event: 4778.808 Thread 0x000001fd775211c0 DEOPT PACKING pc=0x000001fd63117f94 sp=0x000000939dbfdb60
Event: 4778.808 Thread 0x000001fd775211c0 DEOPT UNPACKING pc=0x000001fd61746da2 sp=0x000000939dbfdae8 mode 2

Classes loaded (20 events):
Event: 1859.231 Loading class java/lang/StringLatin1$CharsSpliterator
Event: 1859.232 Loading class java/lang/StringLatin1$CharsSpliterator done
Event: 3201.460 Loading class java/nio/channels/CompletionHandler
Event: 3201.460 Loading class java/nio/channels/CompletionHandler done
Event: 3629.636 Loading class jdk/internal/module/IllegalAccessLogger
Event: 3629.636 Loading class jdk/internal/module/IllegalAccessLogger done
Event: 3733.571 Loading class jdk/internal/module/IllegalAccessLogger
Event: 3733.571 Loading class jdk/internal/module/IllegalAccessLogger done
Event: 3739.115 Loading class java/lang/Throwable$WrappedPrintWriter
Event: 3739.116 Loading class java/lang/Throwable$PrintStreamOrWriter
Event: 3739.116 Loading class java/lang/Throwable$PrintStreamOrWriter done
Event: 3739.116 Loading class java/lang/Throwable$WrappedPrintWriter done
Event: 4269.568 Loading class java/io/CharArrayReader
Event: 4269.568 Loading class java/io/CharArrayReader done
Event: 4269.569 Loading class java/util/regex/Pattern$Bound
Event: 4269.569 Loading class java/util/regex/Pattern$Bound done
Event: 4283.148 Loading class jdk/internal/module/IllegalAccessLogger
Event: 4283.148 Loading class jdk/internal/module/IllegalAccessLogger done
Event: 4359.101 Loading class jdk/internal/module/IllegalAccessLogger
Event: 4359.101 Loading class jdk/internal/module/IllegalAccessLogger done

Classes unloaded (20 events):
Event: 3209.401 Thread 0x000001fd6e023600 Unloading class 0x000001fd0101ec00 'java/lang/invoke/LambdaForm$MH+0x000001fd0101ec00'
Event: 3209.401 Thread 0x000001fd6e023600 Unloading class 0x000001fd01018800 'java/lang/invoke/LambdaForm$MH+0x000001fd01018800'
Event: 3209.401 Thread 0x000001fd6e023600 Unloading class 0x000001fd0100d800 'java/lang/invoke/LambdaForm$MH+0x000001fd0100d800'
Event: 3209.401 Thread 0x000001fd6e023600 Unloading class 0x000001fd0100d400 'java/lang/invoke/LambdaForm$MH+0x000001fd0100d400'
Event: 3209.401 Thread 0x000001fd6e023600 Unloading class 0x000001fd0100d000 'java/lang/invoke/LambdaForm$MH+0x000001fd0100d000'
Event: 3209.401 Thread 0x000001fd6e023600 Unloading class 0x000001fd0100cc00 'java/lang/invoke/LambdaForm$MH+0x000001fd0100cc00'
Event: 3209.401 Thread 0x000001fd6e023600 Unloading class 0x000001fd0100c800 'java/lang/invoke/LambdaForm$BMH+0x000001fd0100c800'
Event: 3209.401 Thread 0x000001fd6e023600 Unloading class 0x000001fd0100c000 'java/lang/invoke/LambdaForm$DMH+0x000001fd0100c000'
Event: 3209.401 Thread 0x000001fd6e023600 Unloading class 0x000001fd01008c00 'java/lang/invoke/LambdaForm$MH+0x000001fd01008c00'
Event: 3209.401 Thread 0x000001fd6e023600 Unloading class 0x000001fd01008800 'java/lang/invoke/LambdaForm$MH+0x000001fd01008800'
Event: 3209.401 Thread 0x000001fd6e023600 Unloading class 0x000001fd01008400 'java/lang/invoke/LambdaForm$MH+0x000001fd01008400'
Event: 3209.401 Thread 0x000001fd6e023600 Unloading class 0x000001fd01007000 'java/lang/invoke/LambdaForm$MH+0x000001fd01007000'
Event: 3209.401 Thread 0x000001fd6e023600 Unloading class 0x000001fd01006c00 'java/lang/invoke/LambdaForm$MH+0x000001fd01006c00'
Event: 3209.401 Thread 0x000001fd6e023600 Unloading class 0x000001fd01006800 'java/lang/invoke/LambdaForm$MH+0x000001fd01006800'
Event: 3209.401 Thread 0x000001fd6e023600 Unloading class 0x000001fd01006400 'java/lang/invoke/LambdaForm$MH+0x000001fd01006400'
Event: 3209.401 Thread 0x000001fd6e023600 Unloading class 0x000001fd01005c00 'java/lang/invoke/LambdaForm$BMH+0x000001fd01005c00'
Event: 3209.401 Thread 0x000001fd6e023600 Unloading class 0x000001fd01004800 'java/lang/invoke/LambdaForm$DMH+0x000001fd01004800'
Event: 3209.401 Thread 0x000001fd6e023600 Unloading class 0x000001fd01002400 'java/lang/invoke/LambdaForm$MH+0x000001fd01002400'
Event: 3209.401 Thread 0x000001fd6e023600 Unloading class 0x000001fd01002000 'java/lang/invoke/LambdaForm$MH+0x000001fd01002000'
Event: 3209.401 Thread 0x000001fd6e023600 Unloading class 0x000001fd01001800 'java/lang/invoke/LambdaForm$MH+0x000001fd01001800'

Classes redefined (0 events):
No events

Internal exceptions (20 events):
Event: 4358.960 Thread 0x000001fd74f48910 Exception <a 'sun/nio/fs/WindowsException'{0x00000000d5644e00}> (0x00000000d5644e00) 
thrown [s\src\hotspot\share\prims\jni.cpp, line 520]
Event: 4359.221 Thread 0x000001fd74f48910 Exception <a 'sun/nio/fs/WindowsException'{0x00000000d58c6308}> (0x00000000d58c6308) 
thrown [s\src\hotspot\share\prims\jni.cpp, line 520]
Event: 4658.996 Thread 0x000001fd76e7ef10 Exception <a 'sun/nio/fs/WindowsException'{0x00000000d58fdbc8}> (0x00000000d58fdbc8) 
thrown [s\src\hotspot\share\prims\jni.cpp, line 520]
Event: 4658.996 Thread 0x000001fd76e7ef10 Exception <a 'sun/nio/fs/WindowsException'{0x00000000d58fe4b0}> (0x00000000d58fe4b0) 
thrown [s\src\hotspot\share\prims\jni.cpp, line 520]
Event: 4778.797 Thread 0x000001fd775211c0 Implicit null exception at 0x000001fd630527a5 to 0x000001fd6305383c
Event: 4778.808 Thread 0x000001fd775211c0 Implicit null exception at 0x000001fd62ed54f7 to 0x000001fd62ed63e4
Event: 4778.811 Thread 0x000001fd775211c0 Implicit null exception at 0x000001fd5cb09ae0 to 0x000001fd5cb0b75b
Event: 4778.811 Thread 0x000001fd775211c0 Exception <a 'java/lang/NullPointerException'{0x00000000d5a5cd60}> (0x00000000d5a5cd60) 
thrown [s\src\hotspot\share\runtime\sharedRuntime.cpp, line 625]
Event: 4778.811 Thread 0x000001fd775211c0 Implicit null exception at 0x000001fd5cb09ae0 to 0x000001fd5cb0b75b
Event: 4778.811 Thread 0x000001fd775211c0 Exception <a 'java/lang/NullPointerException'{0x00000000d5a5d610}> (0x00000000d5a5d610) 
thrown [s\src\hotspot\share\runtime\sharedRuntime.cpp, line 625]
Event: 4778.811 Thread 0x000001fd775211c0 Implicit null exception at 0x000001fd5cb09ae0 to 0x000001fd5cb0b75b
Event: 4778.811 Thread 0x000001fd775211c0 Exception <a 'java/lang/NullPointerException'{0x00000000d5a5e0d8}> (0x00000000d5a5e0d8) 
thrown [s\src\hotspot\share\runtime\sharedRuntime.cpp, line 625]
Event: 4778.811 Thread 0x000001fd775211c0 Implicit null exception at 0x000001fd5cb09ae0 to 0x000001fd5cb0b75b
Event: 4778.811 Thread 0x000001fd775211c0 Exception <a 'java/lang/NullPointerException'{0x00000000d5a5eec0}> (0x00000000d5a5eec0) 
thrown [s\src\hotspot\share\runtime\sharedRuntime.cpp, line 625]
Event: 4778.811 Thread 0x000001fd775211c0 Implicit null exception at 0x000001fd5cb09ae0 to 0x000001fd5cb0b75b
Event: 4778.811 Thread 0x000001fd775211c0 Exception <a 'java/lang/NullPointerException'{0x00000000d5a5fb98}> (0x00000000d5a5fb98) 
thrown [s\src\hotspot\share\runtime\sharedRuntime.cpp, line 625]
Event: 4778.811 Thread 0x000001fd775211c0 Implicit null exception at 0x000001fd5cb09ae0 to 0x000001fd5cb0b75b
Event: 4778.811 Thread 0x000001fd775211c0 Exception <a 'java/lang/NullPointerException'{0x00000000d5a607e0}> (0x00000000d5a607e0) 
thrown [s\src\hotspot\share\runtime\sharedRuntime.cpp, line 625]
Event: 4778.811 Thread 0x000001fd775211c0 Implicit null exception at 0x000001fd5cb09ae0 to 0x000001fd5cb0b75b
Event: 4778.811 Thread 0x000001fd775211c0 Exception <a 'java/lang/NullPointerException'{0x00000000d5a61198}> (0x00000000d5a61198) 
thrown [s\src\hotspot\share\runtime\sharedRuntime.cpp, line 625]

ZGC Phase Switch (0 events):
No events

VM Operations (20 events):
Event: 4778.761 Executing VM operation: ParallelGCFailedAllocation (Allocation Failure)
Event: 4778.763 Executing VM operation: ParallelGCFailedAllocation (Allocation Failure) done
Event: 4778.785 Executing VM operation: ParallelGCFailedAllocation (Allocation Failure)
Event: 4778.789 Executing VM operation: ParallelGCFailedAllocation (Allocation Failure) done
Event: 4778.799 Executing VM operation: ParallelGCFailedAllocation (Allocation Failure)
Event: 4778.800 Executing VM operation: ParallelGCFailedAllocation (Allocation Failure) done
Event: 4778.814 Executing VM operation: HandshakeAllThreads (Deoptimize)
Event: 4778.814 Executing VM operation: HandshakeAllThreads (Deoptimize) done
Event: 4779.039 Executing VM operation: ParallelGCFailedAllocation (Allocation Failure)
Event: 4779.042 Executing VM operation: ParallelGCFailedAllocation (Allocation Failure) done
Event: 4779.049 Executing VM operation: ParallelGCFailedAllocation (Allocation Failure)
Event: 4779.051 Executing VM operation: ParallelGCFailedAllocation (Allocation Failure) done
Event: 4811.191 Executing VM operation: HandshakeAllThreads (HandshakeForDeflation)
Event: 4811.191 Executing VM operation: HandshakeAllThreads (HandshakeForDeflation) done
Event: 4811.191 Executing VM operation: RendezvousGCThreads
Event: 4811.191 Executing VM operation: RendezvousGCThreads done
Event: 4871.341 Executing VM operation: HandshakeAllThreads (HandshakeForDeflation)
Event: 4871.341 Executing VM operation: HandshakeAllThreads (HandshakeForDeflation) done
Event: 4871.341 Executing VM operation: RendezvousGCThreads
Event: 4871.341 Executing VM operation: RendezvousGCThreads done

Memory protections (0 events):
No events

Nmethod flushes (20 events):
Event: 3209.461 Thread 0x000001fd6e023600 flushing  nmethod 0x000001fd5be8bb90
Event: 3209.461 Thread 0x000001fd6e023600 flushing  nmethod 0x000001fd5be8cb90
Event: 3209.461 Thread 0x000001fd6e023600 flushing  nmethod 0x000001fd5be8d490
Event: 3209.461 Thread 0x000001fd6e023600 flushing  nmethod 0x000001fd5bed3b10
Event: 3209.461 Thread 0x000001fd6e023600 flushing  nmethod 0x000001fd5bed6810
Event: 3209.461 Thread 0x000001fd6e023600 flushing  nmethod 0x000001fd5befd090
Event: 3209.461 Thread 0x000001fd6e023600 flushing  nmethod 0x000001fd5bf04d90
Event: 3209.461 Thread 0x000001fd6e023600 flushing  nmethod 0x000001fd5bf06b90
Event: 3209.461 Thread 0x000001fd6e023600 flushing  nmethod 0x000001fd5bf07490
Event: 3209.461 Thread 0x000001fd6e023600 flushing  nmethod 0x000001fd5bf0c690
Event: 3209.461 Thread 0x000001fd6e023600 flushing  nmethod 0x000001fd5bf0dd90
Event: 3209.461 Thread 0x000001fd6e023600 flushing  nmethod 0x000001fd5bf10010
Event: 3209.461 Thread 0x000001fd6e023600 flushing osr nmethod 0x000001fd5bf11e10
Event: 3209.461 Thread 0x000001fd6e023600 flushing  nmethod 0x000001fd5bf15110
Event: 3209.461 Thread 0x000001fd6e023600 flushing  nmethod 0x000001fd5bf28a90
Event: 3209.461 Thread 0x000001fd6e023600 flushing  nmethod 0x000001fd5bf36d90
Event: 3209.461 Thread 0x000001fd6e023600 flushing  nmethod 0x000001fd5bf74010
Event: 3209.461 Thread 0x000001fd6e023600 flushing  nmethod 0x000001fd5bfab410
Event: 3209.461 Thread 0x000001fd6e023600 flushing  nmethod 0x000001fd5bfe1a10
Event: 3209.461 Thread 0x000001fd6e023600 flushing  nmethod 0x000001fd5bffd390

Events (20 events):
Event: 4419.566 Thread 0x000001fd76e82a20 Thread exited: 0x000001fd76e82a20
Event: 4419.579 Thread 0x000001fd76e802c0 Thread exited: 0x000001fd76e802c0
Event: 4458.180 Thread 0x000001fd76e7c7b0 Thread added: 0x000001fd7751bc70
Event: 4458.190 Thread 0x000001fd7751bc70 Thread added: 0x000001fd7751c300
Event: 4458.454 Thread 0x000001fd6e038520 Thread added: 0x000001fd4fa9abd0
Event: 4458.692 Thread 0x000001fd4fa9abd0 Thread exited: 0x000001fd4fa9abd0
Event: 4583.063 Thread 0x000001fd76e83740 Thread exited: 0x000001fd76e83740
Event: 4658.994 Thread 0x000001fd76e7ef10 Thread added: 0x000001fd7751dd40
Event: 4658.994 Thread 0x000001fd7751dd40 Thread exited: 0x000001fd7751dd40
Event: 4658.997 Thread 0x000001fd76e7ef10 Thread added: 0x000001fd7751b5e0
Event: 4658.997 Thread 0x000001fd7751b5e0 Thread exited: 0x000001fd7751b5e0
Event: 4659.063 Thread 0x000001fd7751af50 Thread exited: 0x000001fd7751af50
Event: 4673.934 Thread 0x000001fd7751bc70 Thread exited: 0x000001fd7751bc70
Event: 4733.945 Thread 0x000001fd7751c300 Thread exited: 0x000001fd7751c300
Event: 4778.500 Thread 0x000001fd76e7ef10 Thread added: 0x000001fd7751dd40
Event: 4778.792 Thread 0x000001fd775211c0 Thread added: 0x000001fd7751e3d0
Event: 4778.792 Thread 0x000001fd76e7e880 Thread added: 0x000001fd7751af50
Event: 4839.025 Thread 0x000001fd775211c0 Thread exited: 0x000001fd775211c0
Event: 4864.386 Thread 0x000001fd76e7db60 Thread exited: 0x000001fd76e7db60
Event: 4899.030 Thread 0x000001fd7751af50 Thread exited: 0x000001fd7751af50


Dynamic libraries:
0x00007ff683820000 - 0x00007ff68382e000 	c:\Users\jwk72\.antigravity\extensions\redhat.java-1.50.0-win32-x64\jre\21.0.9-win32-x86_64\bin\java.exe
0x00007fff0d800000 - 0x00007fff0da67000 	C:\WINDOWS\SYSTEM32\ntdll.dll
0x00007fff0bf40000 - 0x00007fff0c009000 	C:\WINDOWS\System32\KERNEL32.DLL
0x00007fff0ad90000 - 0x00007fff0b17f000 	C:\WINDOWS\System32\KERNELBASE.dll
0x00007fff0b240000 - 0x00007fff0b38b000 	C:\WINDOWS\System32\ucrtbase.dll
0x00007ffeea4c0000 - 0x00007ffeea4d8000 	c:\Users\jwk72\.antigravity\extensions\redhat.java-1.50.0-win32-x64\jre\21.0.9-win32-x86_64\bin\jli.dll
0x00007fff0d560000 - 0x00007fff0d725000 	C:\WINDOWS\System32\USER32.dll
0x00007fff0abf0000 - 0x00007fff0ac17000 	C:\WINDOWS\System32\win32u.dll
0x00007fff0b740000 - 0x00007fff0b76b000 	C:\WINDOWS\System32\GDI32.dll
0x00007fff0aac0000 - 0x00007fff0abec000 	C:\WINDOWS\System32\gdi32full.dll
0x00007ffeea2e0000 - 0x00007ffeea2fe000 	c:\Users\jwk72\.antigravity\extensions\redhat.java-1.50.0-win32-x64\jre\21.0.9-win32-x86_64\bin\VCRUNTIME140.dll
0x00007fff0ace0000 - 0x00007fff0ad83000 	C:\WINDOWS\System32\msvcp_win.dll
0x00007ffef4a80000 - 0x00007ffef4d13000 	C:\WINDOWS\WinSxS\amd64_microsoft.windows.common-controls_6595b64144ccf1df_6.0.26100.7309_none_3e05feeae336a044\COMCTL32.dll
0x00007fff0b7d0000 - 0x00007fff0b879000 	C:\WINDOWS\System32\msvcrt.dll
0x00007fff0b790000 - 0x00007fff0b7c1000 	C:\WINDOWS\System32\IMM32.DLL
0x00007fff07580000 - 0x00007fff0758c000 	c:\Users\jwk72\.antigravity\extensions\redhat.java-1.50.0-win32-x64\jre\21.0.9-win32-x86_64\bin\vcruntime140_1.dll
0x00007ffecefb0000 - 0x00007ffecf03d000 	c:\Users\jwk72\.antigravity\extensions\redhat.java-1.50.0-win32-x64\jre\21.0.9-win32-x86_64\bin\msvcp140.dll
0x00007ffe81060000 - 0x00007ffe81e00000 	c:\Users\jwk72\.antigravity\extensions\redhat.java-1.50.0-win32-x64\jre\21.0.9-win32-x86_64\bin\server\jvm.dll
0x00007fff0c8d0000 - 0x00007fff0c984000 	C:\WINDOWS\System32\ADVAPI32.dll
0x00007fff0c010000 - 0x00007fff0c0b6000 	C:\WINDOWS\System32\sechost.dll
0x00007fff0bd20000 - 0x00007fff0be38000 	C:\WINDOWS\System32\RPCRT4.dll
0x00007fff0ba00000 - 0x00007fff0ba74000 	C:\WINDOWS\System32\WS2_32.dll
0x00007fff0a7b0000 - 0x00007fff0a80e000 	C:\WINDOWS\SYSTEM32\POWRPROF.dll
0x00007ffef7fc0000 - 0x00007ffef7ff5000 	C:\WINDOWS\SYSTEM32\WINMM.dll
0x00007ffefdb40000 - 0x00007ffefdb4b000 	C:\WINDOWS\SYSTEM32\VERSION.dll
0x00007fff0a790000 - 0x00007fff0a7a4000 	C:\WINDOWS\SYSTEM32\UMPDC.dll
0x00007fff09700000 - 0x00007fff0971b000 	C:\WINDOWS\SYSTEM32\kernel.appcore.dll
0x00007ffefa5b0000 - 0x00007ffefa5ba000 	c:\Users\jwk72\.antigravity\extensions\redhat.java-1.50.0-win32-x64\jre\21.0.9-win32-x86_64\bin\jimage.dll
0x00007fff07f10000 - 0x00007fff08152000 	C:\WINDOWS\SYSTEM32\DBGHELP.DLL
0x00007fff0cbd0000 - 0x00007fff0cf55000 	C:\WINDOWS\System32\combase.dll
0x00007fff0cf60000 - 0x00007fff0d036000 	C:\WINDOWS\System32\OLEAUT32.dll
0x00007ffef2540000 - 0x00007ffef257c000 	C:\WINDOWS\SYSTEM32\dbgcore.DLL
0x00007fff0b190000 - 0x00007fff0b235000 	C:\WINDOWS\System32\bcryptPrimitives.dll
0x00007ffefa1e0000 - 0x00007ffefa1ef000 	c:\Users\jwk72\.antigravity\extensions\redhat.java-1.50.0-win32-x64\jre\21.0.9-win32-x86_64\bin\instrument.dll
0x00007ffeea2c0000 - 0x00007ffeea2e0000 	c:\Users\jwk72\.antigravity\extensions\redhat.java-1.50.0-win32-x64\jre\21.0.9-win32-x86_64\bin\java.dll
0x00007fff0c0d0000 - 0x00007fff0c823000 	C:\WINDOWS\System32\SHELL32.dll
0x00007fff0a950000 - 0x00007fff0aaba000 	C:\WINDOWS\System32\wintypes.dll
0x00007fff08570000 - 0x00007fff08dce000 	C:\WINDOWS\SYSTEM32\windows.storage.dll
0x00007fff0b8e0000 - 0x00007fff0b9d5000 	C:\WINDOWS\System32\SHCORE.dll
0x00007fff0c830000 - 0x00007fff0c896000 	C:\WINDOWS\System32\shlwapi.dll
0x00007fff0a870000 - 0x00007fff0a899000 	C:\WINDOWS\SYSTEM32\profapi.dll
0x00007ffee5a50000 - 0x00007ffee5a68000 	c:\Users\jwk72\.antigravity\extensions\redhat.java-1.50.0-win32-x64\jre\21.0.9-win32-x86_64\bin\zip.dll
0x00007ffefa520000 - 0x00007ffefa530000 	C:\Users\jwk72\.antigravity\extensions\redhat.java-1.50.0-win32-x64\jre\21.0.9-win32-x86_64\bin\net.dll
0x00007ffefee00000 - 0x00007ffefef28000 	C:\WINDOWS\SYSTEM32\WINHTTP.dll
0x00007fff09c70000 - 0x00007fff09cdb000 	C:\WINDOWS\system32\mswsock.dll
0x00007ffee3b80000 - 0x00007ffee3b96000 	C:\Users\jwk72\.antigravity\extensions\redhat.java-1.50.0-win32-x64\jre\21.0.9-win32-x86_64\bin\nio.dll
0x00007ffef6900000 - 0x00007ffef6910000 	c:\Users\jwk72\.antigravity\extensions\redhat.java-1.50.0-win32-x64\jre\21.0.9-win32-x86_64\bin\verify.dll
0x00007ffef6510000 - 0x00007ffef6554000 	C:\Users\jwk72\AppData\Roaming\Antigravity\User\globalStorage\redhat.java\1.50.0\config_win\org.eclipse.equinox.launcher\org.eclipse.equinox.launcher.win32.win32.x86_64_1.2.1400.v20250801-0854\eclipse_11916.dll
0x00007fff0b5a0000 - 0x00007fff0b737000 	C:\WINDOWS\System32\ole32.dll
0x00007fff09f30000 - 0x00007fff09f4b000 	C:\WINDOWS\SYSTEM32\CRYPTSP.dll
0x00007fff09660000 - 0x00007fff0969a000 	C:\WINDOWS\system32\rsaenh.dll
0x00007fff09d20000 - 0x00007fff09d4b000 	C:\WINDOWS\SYSTEM32\USERENV.dll
0x00007fff0a840000 - 0x00007fff0a86a000 	C:\WINDOWS\SYSTEM32\bcrypt.dll
0x00007fff09f50000 - 0x00007fff09f5c000 	C:\WINDOWS\SYSTEM32\CRYPTBASE.dll
0x00007fff091c0000 - 0x00007fff091f4000 	C:\WINDOWS\SYSTEM32\IPHLPAPI.DLL
0x00007fff0b780000 - 0x00007fff0b78a000 	C:\WINDOWS\System32\NSI.dll
0x00007ffeed290000 - 0x00007ffeed2d9000 	C:\Users\jwk72\AppData\Local\Temp\jna-101542937\jna14931937373068345961.dll
0x00007fff0d7b0000 - 0x00007fff0d7b8000 	C:\WINDOWS\System32\PSAPI.DLL
0x00007fff01d30000 - 0x00007fff01d4e000 	C:\WINDOWS\SYSTEM32\dhcpcsvc6.DLL
0x00007fff01e50000 - 0x00007fff01e73000 	C:\WINDOWS\SYSTEM32\dhcpcsvc.DLL
0x00007ffef63d0000 - 0x00007ffef63de000 	C:\Users\jwk72\.antigravity\extensions\redhat.java-1.50.0-win32-x64\jre\21.0.9-win32-x86_64\bin\sunmscapi.dll
0x00007fff0b420000 - 0x00007fff0b597000 	C:\WINDOWS\System32\CRYPT32.dll
0x00007fff0a150000 - 0x00007fff0a180000 	C:\WINDOWS\SYSTEM32\ncrypt.dll
0x00007fff0a100000 - 0x00007fff0a13f000 	C:\WINDOWS\SYSTEM32\NTASN1.dll
0x00007fff092a0000 - 0x00007fff093cc000 	C:\WINDOWS\SYSTEM32\DNSAPI.dll
0x00007ffefdaf0000 - 0x00007ffefdafb000 	C:\Windows\System32\rasadhlp.dll
0x00007fff023a0000 - 0x00007fff02426000 	C:\WINDOWS\System32\fwpuclnt.dll
0x00007ffef77f0000 - 0x00007ffef77f9000 	C:\Users\jwk72\.antigravity\extensions\redhat.java-1.50.0-win32-x64\jre\21.0.9-win32-x86_64\bin\extnet.dll
0x00007ffef17f0000 - 0x00007ffef1817000 	C:\Users\jwk72\.gradle\native\1def1411415f61bf3af743bc5b6707747c0891f09f0c88961ee8f79bc544acac\windows-amd64\native-platform.dll
0x00007ffef4e10000 - 0x00007ffef4e1a000 	C:\Users\jwk72\.antigravity\extensions\redhat.java-1.50.0-win32-x64\jre\21.0.9-win32-x86_64\bin\management.dll
0x00007ffef8f40000 - 0x00007ffef8f4c000 	C:\Users\jwk72\.antigravity\extensions\redhat.java-1.50.0-win32-x64\jre\21.0.9-win32-x86_64\bin\management_ext.dll

JVMTI agents:
c:\Users\jwk72\.antigravity\extensions\redhat.java-1.50.0-win32-x64\lombok\lombok-1.18.39-4050.jar path:c:\Users\jwk72\.antigravity\extensions\redhat.java-1.50.0-win32-x64\jre\21.0.9-win32-x86_64\bin\instrument.dll, loaded, initialized, instrumentlib options:none

dbghelp: loaded successfully - version: 4.0.5 - missing functions: none
symbol engine: initialized successfully - sym options: 0x614 - pdb path: .;c:\Users\jwk72\.antigravity\extensions\redhat.java-1.50.0-win32-x64\jre\21.0.9-win32-x86_64\bin;C:\WINDOWS\SYSTEM32;C:\WINDOWS\WinSxS\amd64_microsoft.windows.common-controls_6595b64144ccf1df_6.0.26100.7309_none_3e05feeae336a044;c:\Users\jwk72\.antigravity\extensions\redhat.java-1.50.0-win32-x64\jre\21.0.9-win32-x86_64\bin\server;C:\Users\jwk72\AppData\Roaming\Antigravity\User\globalStorage\redhat.java\1.50.0\config_win\org.eclipse.equinox.launcher\org.eclipse.equinox.launcher.win32.win32.x86_64_1.2.1400.v20250801-0854;C:\Users\jwk72\AppData\Local\Temp\jna-101542937;C:\Users\jwk72\.gradle\native\1def1411415f61bf3af743bc5b6707747c0891f09f0c88961ee8f79bc544acac\windows-amd64

VM Arguments:
jvm_args: --add-modules=ALL-SYSTEM --add-opens=java.base/java.util=ALL-UNNAMED --add-opens=java.base/java.lang=ALL-UNNAMED --add-opens=java.base/sun.nio.fs=ALL-UNNAMED -Declipse.application=org.eclipse.jdt.ls.core.id1 -Dosgi.bundles.defaultStartLevel=4 -Declipse.product=org.eclipse.jdt.ls.core.product -Djava.import.generatesMetadataFilesAtProjectRoot=false -DDetectVMInstallationsJob.disabled=true -Dfile.encoding=utf8 -XX:+UseParallelGC -XX:GCTimeRatio=4 -XX:AdaptiveSizePolicyWeight=90 -Dsun.zip.disableMemoryMapping=true -Xmx2G -Xms100m -Xlog:disable -javaagent:c:\Users\jwk72\.antigravity\extensions\redhat.java-1.50.0-win32-x64\lombok\lombok-1.18.39-4050.jar -XX:+HeapDumpOnOutOfMemoryError -XX:HeapDumpPath=c:\Users\jwk72\AppData\Roaming\Antigravity\User\workspaceStorage\6ca9ad5394749914e4009cd1a3f31ebb\redhat.java -Daether.dependencyCollector.impl=bf 
java_command: c:\Users\jwk72\.antigravity\extensions\redhat.java-1.50.0-win32-x64\server\plugins\org.eclipse.equinox.launcher_1.7.100.v20251111-0406.jar -configuration c:\Users\jwk72\AppData\Roaming\Antigravity\User\globalStorage\redhat.java\1.50.0\config_win -data c:\Users\jwk72\AppData\Roaming\Antigravity\User\workspaceStorage\6ca9ad5394749914e4009cd1a3f31ebb\redhat.java\jdt_ws --pipe=\\.\pipe\lsp-6af13888b7b2b0db8daa647036f5773e-sock
java_class_path (initial): c:\Users\jwk72\.antigravity\extensions\redhat.java-1.50.0-win32-x64\server\plugins\org.eclipse.equinox.launcher_1.7.100.v20251111-0406.jar
Launcher Type: SUN_STANDARD

[Global flags]
    uintx AdaptiveSizePolicyWeight                 = 90                                        {product} {command line}
     intx CICompilerCount                          = 4                                         {product} {ergonomic}
    uintx GCTimeRatio                              = 4                                         {product} {command line}
     bool HeapDumpOnOutOfMemoryError               = true                                   {manageable} {command line}
    ccstr HeapDumpPath                             = c:\Users\jwk72\AppData\Roaming\Antigravity\User\workspaceStorage\6ca9ad5394749914e4009cd1a3f31ebb\redhat.java         {manageable} {command line}
   size_t InitialHeapSize                          = 104857600                                 {product} {command line}
   size_t MaxHeapSize                              = 2147483648                                {product} {command line}
   size_t MaxNewSize                               = 715653120                                 {product} {ergonomic}
   size_t MinHeapDeltaBytes                        = 524288                                    {product} {ergonomic}
   size_t MinHeapSize                              = 104857600                                 {product} {command line}
   size_t NewSize                                  = 34603008                                  {product} {ergonomic}
    uintx NonNMethodCodeHeapSize                   = 5839372                                {pd product} {ergonomic}
    uintx NonProfiledCodeHeapSize                  = 122909434                              {pd product} {ergonomic}
   size_t OldSize                                  = 70254592                                  {product} {ergonomic}
    uintx ProfiledCodeHeapSize                     = 122909434                              {pd product} {ergonomic}
    uintx ReservedCodeCacheSize                    = 251658240                              {pd product} {ergonomic}
     bool SegmentedCodeCache                       = true                                      {product} {ergonomic}
   size_t SoftMaxHeapSize                          = 2147483648                             {manageable} {ergonomic}
     bool UseCompressedOops                        = true                           {product lp64_product} {ergonomic}
     bool UseLargePagesIndividualAllocation        = false                                  {pd product} {ergonomic}
     bool UseParallelGC                            = true                                      {product} {command line}

Logging:
Log output configuration:
 #0: stdout all=off uptime,level,tags foldmultilines=false
 #1: stderr all=off uptime,level,tags foldmultilines=false

Release file:
JAVA_VERSION="21.0.9" 
MODULES="java.base java.compiler java.datatransfer java.xml java.prefs java.desktop java.instrument java.logging java.management java.security.sasl java.naming java.rmi java.management.rmi java.net.http java.scripting java.security.jgss java.transaction.xa java.sql java.sql.rowset java.xml.crypto java.se java.smartcardio jdk.accessibility jdk.internal.jvmstat jdk.attach jdk.charsets jdk.internal.opt jdk.zipfs jdk.compiler jdk.crypto.ec jdk.crypto.cryptoki jdk.crypto.mscapi jdk.dynalink jdk.internal.ed jdk.editpad jdk.hotspot.agent jdk.httpserver jdk.internal.le jdk.internal.vm.ci jdk.internal.vm.compiler jdk.internal.vm.compiler.management jdk.jartool jdk.javadoc jdk.jcmd jdk.management jdk.management.agent jdk.jconsole jdk.jdeps jdk.jdwp.agent jdk.jdi jdk.jfr jdk.jshell jdk.jsobject jdk.jstatd jdk.localedata jdk.management.jfr jdk.naming.dns jdk.naming.rmi jdk.net jdk.nio.mapmode jdk.random jdk.sctp jdk.security.auth jdk.security.jgss jdk.unsupported jdk.unsupported.desktop jdk.xml.dom" 

Environment Variables:
JAVA_HOME=C:\Program Files\Java\jdk-17
PATH=C:\Program Files\Java\jdk-17\bin;C:\Program Files\Java\jdk-11\bin;C:\Program Files\Common Files\Oracle\Java\javapath;c:\Users\jwk72\AppData\Local\Programs\cursor\resources\app\bin;C:\WINDOWS\system32;C:\WINDOWS;C:\WINDOWS\System32\Wbem;C:\WINDOWS\System32\WindowsPowerShell\v1.0\;C:\WINDOWS\System32\OpenSSH\;C:\Program Files\dotnet\;C:\Users\jwk72\AppData\Local\Programs\Python\Python312\Scripts\;C:\Users\jwk72\AppData\Local\Programs\Python\Python312\;C:\Users\jwk72\AppData\Local\Programs\Python\Python38-32\Scripts\;C:\Users\jwk72\AppData\Local\Programs\Python\Python38-32\;C:\Users\jwk72\AppData\Local\Microsoft\WindowsApps;C:\Program Files\Bandizip\;C:\Users\jwk72\AppData\Local\GitHubDesktop\bin;C:\Program Files (x86)\ESTsoft\ALSee\x64;C:\ProgramData\chocolatey\bin;C:\Program Files\GitHub CLI\;C:\WINDOWS\system32;C:\WINDOWS;C:\WINDOWS\System32\Wbem;C:\WINDOWS\System32\WindowsPowerShell\v1.0\;C:\WINDOWS\System32\OpenSSH\;C:\Program Files\Docker\Docker\resources\bin;C:\Program Files\nodejs\;C:\Program Files\cursor\resources\app\bin;C:\Program Files\Git\cmd;C:\Users\jwk72\all_about_code\wget_tool;C:\Users\jwk72\.console-ninja\.bin;C:\Users\jwk72\all_about_code\require_dwonloads\Ruby34-x64\bin;C:\Users\jwk72\AppData\Local\Programs\oh-my-posh\bin\;C:\Program Files\nodejs;C:\Program Files\MySQL\MySQL Shell 8.0\bin\;C:\Users\jwk72\AppData\Local\Programs\Python\Python312\Scripts\;C:\Users\jwk72\AppData\Local\Programs\Python\Python312\;C:\Users\jwk72\AppData\Local\Programs\Python\Python38-32\Scripts\;C:\Users\jwk72\AppData\Local\Programs\Python\Python38-32\;C:\Users\jwk72\AppData\Local\Microsoft\WindowsApps;C:\Program Files\Bandizip\;C:\Users\jwk72\AppData\Local\Programs\Microsoft VS Code\bin;C:\Users\jwk72\AppData\Local\GitHubDesktop\bin;C:\Users\jwk72\AppData\Local\JetBrains\Toolbox\scripts;C:\Users\jwk72\AppData\Local\Programs\cursor\resources\app\bin;C:\Users\jwk72\AppData\Local\Microsoft\WindowsApps;C:\Users\jwk72\AppData\Roaming\npm;C:\Program Files\MySQL\MySQL Server 8.0\bin;C:\Program Files\JetBrains\DataGrip 2025.2.3\bin;C:\Users\jwk72\all_about_code\wget_tool;D:\.Spotlight-V100\Antigravity\bin
USERNAME=jwk72
OS=Windows_NT
PROCESSOR_IDENTIFIER=Intel64 Family 6 Model 126 Stepping 5, GenuineIntel
TMP=C:\Users\jwk72\AppData\Local\Temp
TEMP=C:\Users\jwk72\AppData\Local\Temp




Periodic native trim disabled

---------------  S Y S T E M  ---------------

OS:
 Windows 11 , 64 bit Build 26100 (10.0.26100.7309)
OS uptime: 0 days 15:43 hours

CPU: total 8 (initial active 8) (4 cores per cpu, 2 threads per core) family 6 model 126 stepping 5 microcode 0xa0, cx8, cmov, fxsr, ht, mmx, 3dnowpref, sse, sse2, sse3, ssse3, sse4.1, sse4.2, popcnt, lzcnt, tsc, tscinvbit, avx, avx2, aes, erms, clmul, bmi1, bmi2, adx, avx512f, avx512dq, avx512cd, avx512bw, avx512vl, sha, fma, vzeroupper, avx512_vpopcntdq, avx512_vpclmulqdq, avx512_vaes, avx512_vnni, clflush, clflushopt, avx512_vbmi2, avx512_vbmi, rdtscp, rdpid, fsrm, gfni, avx512_bitalg, f16c, pku, avx512_ifma
Processor Information for the first 8 processors :
  Max Mhz: 1498, Current Mhz: 1298, Mhz Limit: 1288

Memory: 4k page, system-wide physical 16145M (2147M free)
TotalPageFile size 19145M (AvailPageFile size 3M)
current process WorkingSet (physical memory assigned to process): 1441M, peak: 1489M
current process commit charge ("private bytes"): 1462M, peak: 1784M

vm_info: OpenJDK 64-Bit Server VM (21.0.9+10-LTS) for windows-amd64 JRE (21.0.9+10-LTS), built on 2025-10-21T00:00:00Z by "admin" with unknown MS VC++:1942

END.
